This is pdfTeX, Version 3.141592653-2.6-1.40.24 (TeX Live 2022) (preloaded format=pdflatex 2023.1.1)  18 MAR 2023 21:16
entering extended mode
 restricted \write18 enabled.
 %&-line parsing enabled.
**acl2023.tex
(./acl2023.tex
LaTeX2e <2022-11-01> patch level 1
L3 programming layer <2022-12-17> (/home/ada/.TinyTeX/texmf-dist/tex/latex/base/article.cls
Document Class: article 2022/07/02 v1.4n Standard LaTeX document class
(/home/ada/.TinyTeX/texmf-dist/tex/latex/base/size11.clo
File: size11.clo 2022/07/02 v1.4n Standard LaTeX file (size option)
)
\c@part=\count185
\c@section=\count186
\c@subsection=\count187
\c@subsubsection=\count188
\c@paragraph=\count189
\c@subparagraph=\count190
\c@figure=\count191
\c@table=\count192
\abovecaptionskip=\skip48
\belowcaptionskip=\skip49
\bibindent=\dimen140
) (./acl2023.sty
Conference Style for ACL 2023
(/home/ada/.TinyTeX/texmf-dist/tex/latex/xcolor/xcolor.sty
Package: xcolor 2022/06/12 v2.14 LaTeX color extensions (UK)
 (/home/ada/.TinyTeX/texmf-dist/tex/latex/graphics-cfg/color.cfg
File: color.cfg 2016/01/02 v1.6 sample color configuration
)
Package xcolor Info: Driver file: pdftex.def on input line 227.
 (/home/ada/.TinyTeX/texmf-dist/tex/latex/graphics-def/pdftex.def
File: pdftex.def 2022/09/22 v1.2b Graphics/color driver for pdftex
) (/home/ada/.TinyTeX/texmf-dist/tex/latex/graphics/mathcolor.ltx)
Package xcolor Info: Model `cmy' substituted by `cmy0' on input line 1353.
Package xcolor Info: Model `hsb' substituted by `rgb' on input line 1357.
Package xcolor Info: Model `RGB' extended on input line 1369.
Package xcolor Info: Model `HTML' substituted by `rgb' on input line 1371.
Package xcolor Info: Model `Hsb' substituted by `hsb' on input line 1372.
Package xcolor Info: Model `tHsb' substituted by `hsb' on input line 1373.
Package xcolor Info: Model `HSB' substituted by `hsb' on input line 1374.
Package xcolor Info: Model `Gray' substituted by `gray' on input line 1375.
Package xcolor Info: Model `wave' substituted by `hsb' on input line 1376.
) (/home/ada/.TinyTeX/texmf-dist/tex/latex/hyperref/hyperref.sty
Package: hyperref 2022-11-13 v7.00u Hypertext links for LaTeX
 (/home/ada/.TinyTeX/texmf-dist/tex/generic/ltxcmds/ltxcmds.sty
Package: ltxcmds 2020-05-10 v1.25 LaTeX kernel commands for general use (HO)
) (/home/ada/.TinyTeX/texmf-dist/tex/generic/iftex/iftex.sty
Package: iftex 2022/02/03 v1.0f TeX engine tests
) (/home/ada/.TinyTeX/texmf-dist/tex/generic/pdftexcmds/pdftexcmds.sty
Package: pdftexcmds 2020-06-27 v0.33 Utility functions of pdfTeX for LuaTeX (HO)
 (/home/ada/.TinyTeX/texmf-dist/tex/generic/infwarerr/infwarerr.sty
Package: infwarerr 2019/12/03 v1.5 Providing info/warning/error messages (HO)
)
Package pdftexcmds Info: \pdf@primitive is available.
Package pdftexcmds Info: \pdf@ifprimitive is available.
Package pdftexcmds Info: \pdfdraftmode found.
) (/home/ada/.TinyTeX/texmf-dist/tex/latex/graphics/keyval.sty
Package: keyval 2022/05/29 v1.15 key=value parser (DPC)
\KV@toks@=\toks16
) (/home/ada/.TinyTeX/texmf-dist/tex/latex/kvsetkeys/kvsetkeys.sty
Package: kvsetkeys 2022-10-05 v1.19 Key value parser (HO)
) (/home/ada/.TinyTeX/texmf-dist/tex/generic/kvdefinekeys/kvdefinekeys.sty
Package: kvdefinekeys 2019-12-19 v1.6 Define keys (HO)
) (/home/ada/.TinyTeX/texmf-dist/tex/generic/pdfescape/pdfescape.sty
Package: pdfescape 2019/12/09 v1.15 Implements pdfTeX's escape features (HO)
) (/home/ada/.TinyTeX/texmf-dist/tex/latex/hycolor/hycolor.sty
Package: hycolor 2020-01-27 v1.10 Color options for hyperref/bookmark (HO)
) (/home/ada/.TinyTeX/texmf-dist/tex/latex/letltxmacro/letltxmacro.sty
Package: letltxmacro 2019/12/03 v1.6 Let assignment for LaTeX macros (HO)
) (/home/ada/.TinyTeX/texmf-dist/tex/latex/auxhook/auxhook.sty
Package: auxhook 2019-12-17 v1.6 Hooks for auxiliary files (HO)
) (/home/ada/.TinyTeX/texmf-dist/tex/latex/hyperref/nameref.sty
Package: nameref 2022-05-17 v2.50 Cross-referencing by name of section
 (/home/ada/.TinyTeX/texmf-dist/tex/latex/refcount/refcount.sty
Package: refcount 2019/12/15 v3.6 Data extraction from label references (HO)
) (/home/ada/.TinyTeX/texmf-dist/tex/generic/gettitlestring/gettitlestring.sty
Package: gettitlestring 2019/12/15 v1.6 Cleanup title references (HO)
 (/home/ada/.TinyTeX/texmf-dist/tex/latex/kvoptions/kvoptions.sty
Package: kvoptions 2022-06-15 v3.15 Key value format for package options (HO)
))
\c@section@level=\count193
)
\@linkdim=\dimen141
\Hy@linkcounter=\count194
\Hy@pagecounter=\count195
 (/home/ada/.TinyTeX/texmf-dist/tex/latex/hyperref/pd1enc.def
File: pd1enc.def 2022-11-13 v7.00u Hyperref: PDFDocEncoding definition (HO)
Now handling font encoding PD1 ...
... no UTF-8 mapping file for font encoding PD1
) (/home/ada/.TinyTeX/texmf-dist/tex/generic/intcalc/intcalc.sty
Package: intcalc 2019/12/15 v1.3 Expandable calculations with integers (HO)
) (/home/ada/.TinyTeX/texmf-dist/tex/generic/etexcmds/etexcmds.sty
Package: etexcmds 2019/12/15 v1.7 Avoid name clashes with e-TeX commands (HO)
)
\Hy@SavedSpaceFactor=\count196
 (/home/ada/.TinyTeX/texmf-dist/tex/latex/hyperref/puenc.def
File: puenc.def 2022-11-13 v7.00u Hyperref: PDF Unicode definition (HO)
Now handling font encoding PU ...
... no UTF-8 mapping file for font encoding PU
)
Package hyperref Info: Option `breaklinks' set `true' on input line 4045.
Package hyperref Info: Hyper figures OFF on input line 4162.
Package hyperref Info: Link nesting OFF on input line 4167.
Package hyperref Info: Hyper index ON on input line 4170.
Package hyperref Info: Plain pages OFF on input line 4177.
Package hyperref Info: Backreferencing OFF on input line 4182.
Package hyperref Info: Implicit mode ON; LaTeX internals redefined.
Package hyperref Info: Bookmarks ON on input line 4410.
\c@Hy@tempcnt=\count197
 (/home/ada/.TinyTeX/texmf-dist/tex/latex/url/url.sty
\Urlmuskip=\muskip16
Package: url 2013/09/16  ver 3.4  Verb mode for urls, etc.
)
LaTeX Info: Redefining \url on input line 4748.
\XeTeXLinkMargin=\dimen142
 (/home/ada/.TinyTeX/texmf-dist/tex/generic/bitset/bitset.sty
Package: bitset 2019/12/09 v1.3 Handle bit-vector datatype (HO)
 (/home/ada/.TinyTeX/texmf-dist/tex/generic/bigintcalc/bigintcalc.sty
Package: bigintcalc 2019/12/15 v1.5 Expandable calculations on big integers (HO)
))
\Fld@menulength=\count198
\Field@Width=\dimen143
\Fld@charsize=\dimen144
Package hyperref Info: Hyper figures OFF on input line 6027.
Package hyperref Info: Link nesting OFF on input line 6032.
Package hyperref Info: Hyper index ON on input line 6035.
Package hyperref Info: backreferencing OFF on input line 6042.
Package hyperref Info: Link coloring OFF on input line 6047.
Package hyperref Info: Link coloring with OCG OFF on input line 6052.
Package hyperref Info: PDF/A mode OFF on input line 6057.
 (/home/ada/.TinyTeX/texmf-dist/tex/latex/base/atbegshi-ltx.sty
Package: atbegshi-ltx 2021/01/10 v1.0c Emulation of the original atbegshi
package with kernel methods
)
\Hy@abspage=\count199
\c@Item=\count266
\c@Hfootnote=\count267
)
Package hyperref Info: Driver (autodetected): hpdftex.
 (/home/ada/.TinyTeX/texmf-dist/tex/latex/hyperref/hpdftex.def
File: hpdftex.def 2022-11-13 v7.00u Hyperref driver for pdfTeX
 (/home/ada/.TinyTeX/texmf-dist/tex/latex/base/atveryend-ltx.sty
Package: atveryend-ltx 2020/08/19 v1.0a Emulation of the original atveryend package
with kernel methods
)
\Fld@listcount=\count268
\c@bookmark@seq@number=\count269
 (/home/ada/.TinyTeX/texmf-dist/tex/latex/rerunfilecheck/rerunfilecheck.sty
Package: rerunfilecheck 2022-07-10 v1.10 Rerun checks for auxiliary files (HO)
 (/home/ada/.TinyTeX/texmf-dist/tex/generic/uniquecounter/uniquecounter.sty
Package: uniquecounter 2019/12/15 v1.4 Provide unlimited unique counter (HO)
)
Package uniquecounter Info: New unique counter `rerunfilecheck' on input line 285.
)
\Hy@SectionHShift=\skip50
)
Package hyperref Info: Option `colorlinks' set `true' on input line 36.
 (/home/ada/.TinyTeX/texmf-dist/tex/latex/geometry/geometry.sty
Package: geometry 2020/01/02 v5.9 Page Geometry
 (/home/ada/.TinyTeX/texmf-dist/tex/generic/iftex/ifvtex.sty
Package: ifvtex 2019/10/25 v1.7 ifvtex legacy package. Use iftex instead.
)
\Gm@cnth=\count270
\Gm@cntv=\count271
\c@Gm@tempcnt=\count272
\Gm@bindingoffset=\dimen145
\Gm@wd@mp=\dimen146
\Gm@odd@mp=\dimen147
\Gm@even@mp=\dimen148
\Gm@layoutwidth=\dimen149
\Gm@layoutheight=\dimen150
\Gm@layouthoffset=\dimen151
\Gm@layoutvoffset=\dimen152
\Gm@dimlist=\toks17
)
\titlebox=\skip51
 (/home/ada/.TinyTeX/texmf-dist/tex/latex/caption/caption.sty
Package: caption 2022/03/01 v3.6b Customizing captions (AR)
 (/home/ada/.TinyTeX/texmf-dist/tex/latex/caption/caption3.sty
Package: caption3 2022/03/17 v2.3b caption3 kernel (AR)
\caption@tempdima=\dimen153
\captionmargin=\dimen154
\caption@leftmargin=\dimen155
\caption@rightmargin=\dimen156
\caption@width=\dimen157
\caption@indent=\dimen158
\caption@parindent=\dimen159
\caption@hangindent=\dimen160
Package caption Info: Standard document class detected.
)
\c@caption@flags=\count273
\c@continuedfloat=\count274
Package caption Info: hyperref package is loaded.
) (/home/ada/.TinyTeX/texmf-dist/tex/latex/natbib/natbib.sty
Package: natbib 2010/09/13 8.31b (PWD, AO)
\bibhang=\skip52
\bibsep=\skip53
LaTeX Info: Redefining \cite on input line 694.
\c@NAT@ctr=\count275
)) (/home/ada/.TinyTeX/texmf-dist/tex/latex/psnfss/times.sty
Package: times 2020/03/25 PSNFSS-v9.3 (SPQR) 
) (/home/ada/.TinyTeX/texmf-dist/tex/latex/base/latexsym.sty
Package: latexsym 1998/08/17 v2.2e Standard LaTeX package (lasy symbols)
\symlasy=\mathgroup4
LaTeX Font Info:    Overwriting symbol font `lasy' in version `bold'
(Font)                  U/lasy/m/n --> U/lasy/b/n on input line 52.
) (/home/ada/.TinyTeX/texmf-dist/tex/latex/base/fontenc.sty
Package: fontenc 2021/04/29 v2.0v Standard LaTeX package
LaTeX Font Info:    Trying to load font information for T1+ptm on input line 112.
 (/home/ada/.TinyTeX/texmf-dist/tex/latex/psnfss/t1ptm.fd
File: t1ptm.fd 2001/06/04 font definitions for T1/ptm.
)) (/home/ada/.TinyTeX/texmf-dist/tex/latex/base/inputenc.sty
Package: inputenc 2021/02/14 v1.3d Input encoding file
\inpenc@prehook=\toks18
\inpenc@posthook=\toks19
) (./microtype.sty
Package: microtype 2021/12/10 v3.0b Micro-typographical refinements (RS)
 (/home/ada/.TinyTeX/texmf-dist/tex/latex/etoolbox/etoolbox.sty
Package: etoolbox 2020/10/05 v2.5k e-TeX tools for LaTeX (JAW)
\etb@tempcnta=\count276
)
\MT@toks=\toks20
\MT@count=\count277
\MT@tempbox=\box51
LaTeX Info: Redefining \leftprotrusion on input line 1010.
LaTeX Info: Redefining \rightprotrusion on input line 1018.
LaTeX Info: Redefining \textls on input line 1173.
\MT@outer@kern=\dimen161
LaTeX Info: Redefining \textmicrotypecontext on input line 1759.
\MT@listname@count=\count278
 (./microtype-pdftex.def
File: microtype-pdftex.def 2021/12/10 v3.0b Definitions specific to pdftex (RS)
LaTeX Info: Redefining \lsstyle on input line 897.
LaTeX Info: Redefining \lslig on input line 897.
\MT@outer@space=\skip54
)

Package microtype Warning: Could not find configuration file `microtype.cfg'!
(microtype)                This will almost certainly cause undesired results.
(microtype)                Please fix your installation.

) (/home/ada/.TinyTeX/texmf-dist/tex/latex/inconsolata/inconsolata.sty
Package: inconsolata 2019/05/17 v1.12
 `inconsolata-zi4' v1.12, 2019/05/17 Text macros for Inconsolata (msharpe) (/home/ada/.TinyTeX/texmf-dist/tex/latex/base/textcomp.sty
Package: textcomp 2020/02/02 v2.0n Standard LaTeX package
) (/home/ada/.TinyTeX/texmf-dist/tex/latex/xkeyval/xkeyval.sty
Package: xkeyval 2022/06/16 v2.9 package option processing (HA)
 (/home/ada/.TinyTeX/texmf-dist/tex/generic/xkeyval/xkeyval.tex (/home/ada/.TinyTeX/texmf-dist/tex/generic/xkeyval/xkvutils.tex
\XKV@toks=\toks21
\XKV@tempa@toks=\toks22
)
\XKV@depth=\count279
File: xkeyval.tex 2014/12/03 v2.7a key=value parser (HA)
))
\zifour@ocount=\count280
) (/home/ada/.TinyTeX/texmf-dist/tex/latex/graphics/graphicx.sty
Package: graphicx 2021/09/16 v1.2d Enhanced LaTeX Graphics (DPC,SPQR)
 (/home/ada/.TinyTeX/texmf-dist/tex/latex/graphics/graphics.sty
Package: graphics 2022/03/10 v1.4e Standard LaTeX Graphics (DPC,SPQR)
 (/home/ada/.TinyTeX/texmf-dist/tex/latex/graphics/trig.sty
Package: trig 2021/08/11 v1.11 sin cos tan (DPC)
) (/home/ada/.TinyTeX/texmf-dist/tex/latex/graphics-cfg/graphics.cfg
File: graphics.cfg 2016/06/04 v1.11 sample graphics configuration
)
Package graphics Info: Driver file: pdftex.def on input line 107.
)
\Gin@req@height=\dimen162
\Gin@req@width=\dimen163
) (/home/ada/.TinyTeX/texmf-dist/tex/latex/l3backend/l3backend-pdftex.def
File: l3backend-pdftex.def 2022-10-26 L3 backend support: PDF output (pdfTeX)
\l__color_backend_stack_int=\count281
\l__pdf_internal_box=\box52
) (./acl2023.aux)
\openout1 = `acl2023.aux'.

LaTeX Font Info:    Checking defaults for OML/cmm/m/it on input line 64.
LaTeX Font Info:    ... okay on input line 64.
LaTeX Font Info:    Checking defaults for OMS/cmsy/m/n on input line 64.
LaTeX Font Info:    ... okay on input line 64.
LaTeX Font Info:    Checking defaults for OT1/cmr/m/n on input line 64.
LaTeX Font Info:    ... okay on input line 64.
LaTeX Font Info:    Checking defaults for T1/cmr/m/n on input line 64.
LaTeX Font Info:    ... okay on input line 64.
LaTeX Font Info:    Checking defaults for TS1/cmr/m/n on input line 64.
LaTeX Font Info:    ... okay on input line 64.
LaTeX Font Info:    Checking defaults for OMX/cmex/m/n on input line 64.
LaTeX Font Info:    ... okay on input line 64.
LaTeX Font Info:    Checking defaults for U/cmr/m/n on input line 64.
LaTeX Font Info:    ... okay on input line 64.
LaTeX Font Info:    Checking defaults for PD1/pdf/m/n on input line 64.
LaTeX Font Info:    ... okay on input line 64.
LaTeX Font Info:    Checking defaults for PU/pdf/m/n on input line 64.
LaTeX Font Info:    ... okay on input line 64.
 (/home/ada/.TinyTeX/texmf-dist/tex/latex/epstopdf-pkg/epstopdf-base.sty
Package: epstopdf-base 2020-01-24 v2.11 Base part for package epstopdf
Package epstopdf-base Info: Redefining graphics rule for `.eps' on input line 485.
 (/home/ada/.TinyTeX/texmf-dist/tex/latex/latexconfig/epstopdf-sys.cfg
File: epstopdf-sys.cfg 2010/07/13 v1.3 Configuration of (r)epstopdf for TeX Live
))
Package hyperref Info: Link coloring ON on input line 64.
 (./acl2023.out) (./acl2023.out)
\@outlinefile=\write3
\openout3 = `acl2023.out'.


*geometry* driver: auto-detecting
*geometry* detected driver: pdftex
*geometry* verbose mode - [ preamble ] result:
* driver: pdftex
* paper: a4paper
* layout: <same size as paper>
* layoutoffset:(h,v)=(0.0pt,0.0pt)
* modes: 
* h-part:(L,W,R)=(71.13188pt, 455.24411pt, 71.13188pt)
* v-part:(T,H,B)=(71.13188pt, 702.78308pt, 71.13188pt)
* \paperwidth=597.50787pt
* \paperheight=845.04684pt
* \textwidth=455.24411pt
* \textheight=702.78308pt
* \oddsidemargin=-1.1381pt
* \evensidemargin=-1.1381pt
* \topmargin=-38.1381pt
* \headheight=12.0pt
* \headsep=25.0pt
* \topskip=11.0pt
* \footskip=30.0pt
* \marginparwidth=59.0pt
* \marginparsep=10.0pt
* \columnsep=17.07182pt
* \skip\footins=9.0pt plus 4.0pt minus 2.0pt
* \hoffset=0.0pt
* \voffset=0.0pt
* \mag=1000
* \@twocolumntrue
* \@twosidefalse
* \@mparswitchfalse
* \@reversemarginfalse
* (1in=72.27pt=25.4mm, 1cm=28.453pt)

Package caption Info: Begin \AtBeginDocument code.
Package caption Info: End \AtBeginDocument code.
LaTeX Info: Redefining \microtypecontext on input line 64.
Package microtype Info: Applying patch `item' on input line 64.
Package microtype Info: Applying patch `toc' on input line 64.
Package microtype Info: Applying patch `eqnum' on input line 64.
Package microtype Info: Applying patch `footnote' on input line 64.
Package microtype Info: Generating PDF output.
Package microtype Info: Character protrusion enabled (level 2).

Package microtype Warning: No protrusion set chosen, no default set declared. 
(microtype)                Using empty set.

Package microtype Info: Automatic font expansion enabled (level 2),
(microtype)             stretch: 20, shrink: 20, step: 1, non-selected.

Package microtype Warning: No expansion set chosen, no default set declared. 
(microtype)                Using empty set.

LaTeX Info: Redefining \showhyphens on input line 64.
Package microtype Info: No adjustment of tracking.
Package microtype Info: No adjustment of interword spacing.
Package microtype Info: No adjustment of character kerning.

Package microtype Warning: I cannot find a protrusion list for font
(microtype)                `T1/ptm/m/n/10.95'. Switching off
(microtype)                protrusion for this font on input line 64.

(./upquote.sty
Package: upquote 2012/04/19 v1.3 upright-quote and grave-accent glyphs in verbatim
)

Package microtype Warning: I cannot find a protrusion list for font
(microtype)                `T1/ptm/m/n/14.4'. Switching off
(microtype)                protrusion for this font on input line 65.


Package microtype Warning: I cannot find a protrusion list for font
(microtype)                `T1/ptm/b/n/14.4'. Switching off
(microtype)                protrusion for this font on input line 65.


Package microtype Warning: I cannot find a protrusion list for font
(microtype)                `T1/ptm/m/n/12'. Switching off
(microtype)                protrusion for this font on input line 65.


Package microtype Warning: I cannot find a protrusion list for font
(microtype)                `OT1/cmr/m/n/12'. Switching off
(microtype)                protrusion for this font on input line 65.


Package microtype Warning: I cannot find a protrusion list for font
(microtype)                `OT1/cmr/m/n/8'. Switching off
(microtype)                protrusion for this font on input line 65.


Package microtype Warning: I cannot find a protrusion list for font
(microtype)                `OT1/cmr/m/n/6'. Switching off
(microtype)                protrusion for this font on input line 65.


Package microtype Warning: I cannot find a protrusion list for font
(microtype)                `OML/cmm/m/it/12'. Switching off
(microtype)                protrusion for this font on input line 65.


Package microtype Warning: I cannot find a protrusion list for font
(microtype)                `OML/cmm/m/it/8'. Switching off
(microtype)                protrusion for this font on input line 65.


Package microtype Warning: I cannot find a protrusion list for font
(microtype)                `OML/cmm/m/it/6'. Switching off
(microtype)                protrusion for this font on input line 65.


Package microtype Warning: I cannot find a protrusion list for font
(microtype)                `OMS/cmsy/m/n/12'. Switching off
(microtype)                protrusion for this font on input line 65.


Package microtype Warning: I cannot find a protrusion list for font
(microtype)                `OMS/cmsy/m/n/8'. Switching off
(microtype)                protrusion for this font on input line 65.


Package microtype Warning: I cannot find a protrusion list for font
(microtype)                `OMS/cmsy/m/n/6'. Switching off
(microtype)                protrusion for this font on input line 65.

LaTeX Font Info:    External font `cmex10' loaded for size
(Font)              <12> on input line 65.

Package microtype Warning: I cannot find a protrusion list for font
(microtype)                `OMX/cmex/m/n/12'. Switching off
(microtype)                protrusion for this font on input line 65.

LaTeX Font Info:    External font `cmex10' loaded for size
(Font)              <8> on input line 65.

Package microtype Warning: I cannot find a protrusion list for font
(microtype)                `OMX/cmex/m/n/8'. Switching off
(microtype)                protrusion for this font on input line 65.

LaTeX Font Info:    External font `cmex10' loaded for size
(Font)              <6> on input line 65.

Package microtype Warning: I cannot find a protrusion list for font
(microtype)                `OMX/cmex/m/n/6'. Switching off
(microtype)                protrusion for this font on input line 65.

LaTeX Font Info:    Trying to load font information for U+lasy on input line 65.
(/home/ada/.TinyTeX/texmf-dist/tex/latex/base/ulasy.fd
File: ulasy.fd 1998/08/17 v2.2e LaTeX symbol font definitions
)

Package microtype Warning: I cannot find a protrusion list for font
(microtype)                `U/lasy/m/n/12'. Switching off
(microtype)                protrusion for this font on input line 65.


Package microtype Warning: I cannot find a protrusion list for font
(microtype)                `U/lasy/m/n/8'. Switching off
(microtype)                protrusion for this font on input line 65.


Package microtype Warning: I cannot find a protrusion list for font
(microtype)                `U/lasy/m/n/6'. Switching off
(microtype)                protrusion for this font on input line 65.


Package microtype Warning: I cannot find a protrusion list for font
(microtype)                `T1/ptm/b/n/12'. Switching off
(microtype)                protrusion for this font on input line 65.


Package microtype Warning: I cannot find a protrusion list for font
(microtype)                `T1/ptm/m/n/10'. Switching off
(microtype)                protrusion for this font on input line 66.


Package microtype Warning: I cannot find a protrusion list for font
(microtype)                `T1/ptm/b/n/10.95'. Switching off
(microtype)                protrusion for this font on input line 76.

LaTeX Font Info:    Trying to load font information for T1+zi4 on input line 83.
(/home/ada/.TinyTeX/texmf-dist/tex/latex/inconsolata/t1zi4.fd
File: t1zi4.fd 2018/01/14 T1/zi4 (Inconsolata)
)
LaTeX Font Info:    Font shape `T1/zi4/m/n' will be
(Font)              scaled to size 10.95pt on input line 83.


Package microtype Warning: I cannot find a protrusion list for font
(microtype)                `T1/zi4/m/n/10.95'. Switching off
(microtype)                protrusion for this font on input line 83.

LaTeX Font Info:    Trying to load font information for TS1+zi4 on input line 91.
(/home/ada/.TinyTeX/texmf-dist/tex/latex/inconsolata/ts1zi4.fd
File: ts1zi4.fd 2018/01/14 TS1/zi4 (Inconsolata)
)
LaTeX Font Info:    Font shape `TS1/zi4/m/n' will be
(Font)              scaled to size 10.95pt on input line 91.


Package microtype Warning: I cannot find a protrusion list for font
(microtype)                `TS1/zi4/m/n/10.95'. Switching off
(microtype)                protrusion for this font on input line 91.

[1{/home/ada/.TinyTeX/texmf-var/fonts/map/pdftex/updmap/pdftex.map}



]

Package microtype Warning: I cannot find a protrusion list for font
(microtype)                `OT1/cmr/m/n/10.95'. Switching off
(microtype)                protrusion for this font on input line 115.


Package microtype Warning: I cannot find a protrusion list for font
(microtype)                `OML/cmm/m/it/10.95'. Switching off
(microtype)                protrusion for this font on input line 115.


Package microtype Warning: I cannot find a protrusion list for font
(microtype)                `OMS/cmsy/m/n/10.95'. Switching off
(microtype)                protrusion for this font on input line 115.

LaTeX Font Info:    External font `cmex10' loaded for size
(Font)              <10.95> on input line 115.

Package microtype Warning: I cannot find a protrusion list for font
(microtype)                `OMX/cmex/m/n/10.95'. Switching off
(microtype)                protrusion for this font on input line 115.


Package microtype Warning: I cannot find a protrusion list for font
(microtype)                `U/lasy/m/n/10.95'. Switching off
(microtype)                protrusion for this font on input line 115.

<../figures/unigrams.pdf, id=33, 361.35pt x 289.08pt>
File: ../figures/unigrams.pdf Graphic file (type pdf)
<use ../figures/unigrams.pdf>
Package pdftex.def Info: ../figures/unigrams.pdf  used on input line 123.
(pdftex.def)             Requested size: 180.67456pt x 144.53964pt.
<../figures/bigrams.pdf, id=34, 361.35pt x 289.08pt>
File: ../figures/bigrams.pdf Graphic file (type pdf)
<use ../figures/bigrams.pdf>
Package pdftex.def Info: ../figures/bigrams.pdf  used on input line 129.
(pdftex.def)             Requested size: 180.67456pt x 144.53964pt.
<../figures/trigrams.pdf, id=35, 361.35pt x 289.08pt>
File: ../figures/trigrams.pdf Graphic file (type pdf)
<use ../figures/trigrams.pdf>
Package pdftex.def Info: ../figures/trigrams.pdf  used on input line 135.
(pdftex.def)             Requested size: 180.67456pt x 144.53964pt.

LaTeX Warning: `!h' float specifier changed to `!ht'.


LaTeX Warning: `!h' float specifier changed to `!ht'.


LaTeX Warning: `!h' float specifier changed to `!ht'.


Underfull \vbox (badness 10000) has occurred while \output is active []

 [2 <../figures/unigrams.pdf> <../figures/bigrams.pdf> <../figures/trigrams.pdf>] (./acl2023.bbl

Package microtype Warning: I cannot find a protrusion list for font
(microtype)                `T1/ptm/m/it/10'. Switching off
(microtype)                protrusion for this font on input line 10.


Underfull \vbox (badness 10000) has occurred while \output is active []

) [3] [4] (./acl2023.aux)
Package rerunfilecheck Info: File `acl2023.out' has not changed.
(rerunfilecheck)             Checksum: D41D8CD98F00B204E9800998ECF8427E;0.
 ) 
Here is how much of TeX's memory you used:
 12925 strings out of 478053
 206784 string characters out of 5840949
 1869793 words of memory out of 5000000
 32620 multiletter control sequences out of 15000+600000
 547168 words of font info for 197 fonts, out of 8000000 for 9000
 14 hyphenation exceptions out of 8191
 87i,10n,91p,1158b,469s stack positions out of 10000i,1000n,20000p,200000b,200000s
{/home/ada/.TinyTeX/texmf-dist/fonts/enc/dvips/base/8r.enc}{/home/ada/.TinyTeX/texmf-dist/fonts/enc/dvips/inconsolata/i4-ts1.enc}{/home/ada/.TinyTeX/texmf-dist/fonts/enc/dvips/inconsolata/i4-t1-0.enc}</home/ada/.TinyTeX/texmf-dist/fonts/type1/public/inconsolata/Inconsolata-zi4r.pfb></home/ada/.TinyTeX/texmf-dist/fonts/type1/public/amsfonts/cm/cmsy10.pfb></home/ada/.TinyTeX/texmf-dist/fonts/type1/urw/times/utmb8a.pfb></home/ada/.TinyTeX/texmf-dist/fonts/type1/urw/times/utmr8a.pfb></home/ada/.TinyTeX/texmf-dist/fonts/type1/urw/times/utmri8a.pfb>
Output written on acl2023.pdf (4 pages, 129279 bytes).
PDF statistics:
 264 PDF objects out of 1000 (max. 8388607)
 123 compressed objects within 2 object streams
 31 named destinations out of 1000 (max. 500000)
 75792 words of extra memory for PDF output out of 89155 (max. 10000000)

